<?xml version="1.0" encoding="UTF-8"?>
<!-- Generated by org.testng.reporters.JUnitReportReporter -->
<testsuite hostname="DESKTOP-2206U1P" failures="0" tests="1" name="OpenBrowser.OpenOrangeHRM" time="7.690" errors="0" timestamp="2025-05-27T07:41:38 IST" skipped="0">
  <testcase classname="OpenBrowser.OpenOrangeHRM" name="open" time="7.690"/>
</testsuite> <!-- OpenBrowser.OpenOrangeHRM -->
