<?xml version="1.0" encoding="UTF-8"?>
<!-- Generated by org.testng.reporters.JUnitReportReporter -->
<testsuite hostname="DESKTOP-2206U1P" failures="0" tests="1" name="OpenBrowser.OpenOrangeHRM" time="8.363" errors="0" timestamp="2025-05-26T20:37:36 IST" skipped="0">
  <testcase classname="OpenBrowser.OpenOrangeHRM" name="open" time="8.363"/>
</testsuite> <!-- OpenBrowser.OpenOrangeHRM -->
