<?xml version="1.0" encoding="UTF-8"?>
<!-- Generated by org.testng.reporters.JUnitReportReporter -->
<testsuite hostname="DESKTOP-2206U1P" failures="0" tests="1" name="Youtube.SearchButton" time="8.165" errors="0" timestamp="2025-05-27T07:41:38 IST" skipped="0">
  <testcase classname="Youtube.SearchButton" name="searchYoutube" time="8.165"/>
</testsuite> <!-- Youtube.SearchButton -->
